{"/Users/a12345/Desktop/Yonatan Cohen Projects/Assignment2_WebDev/server.js": {"path":"/Users/a12345/Desktop/Yonatan Cohen Projects/Assignment2_WebDev/server.js","statementMap":{"0":{"start":{"line":1,"column":16},"end":{"line":1,"column":34}},"1":{"start":{"line":2,"column":12},"end":{"line":2,"column":21}},"2":{"start":{"line":3,"column":0},"end":{"line":3,"column":27}},"3":{"start":{"line":4,"column":17},"end":{"line":4,"column":36}},"4":{"start":{"line":5,"column":19},"end":{"line":5,"column":41}},"5":{"start":{"line":6,"column":19},"end":{"line":6,"column":51}},"6":{"start":{"line":7,"column":23},"end":{"line":7,"column":58}},"7":{"start":{"line":9,"column":11},"end":{"line":9,"column":30}},"8":{"start":{"line":10,"column":0},"end":{"line":10,"column":48}},"9":{"start":{"line":10,"column":26},"end":{"line":10,"column":46}},"10":{"start":{"line":11,"column":0},"end":{"line":11,"column":60}},"11":{"start":{"line":11,"column":22},"end":{"line":11,"column":58}},"12":{"start":{"line":13,"column":0},"end":{"line":13,"column":27}},"13":{"start":{"line":14,"column":0},"end":{"line":14,"column":51}},"14":{"start":{"line":16,"column":0},"end":{"line":16,"column":30}},"15":{"start":{"line":18,"column":0},"end":{"line":18,"column":37}},"16":{"start":{"line":20,"column":0},"end":{"line":22,"column":3}},"17":{"start":{"line":21,"column":2},"end":{"line":21,"column":27}},"18":{"start":{"line":24,"column":16},"end":{"line":29,"column":1}},"19":{"start":{"line":25,"column":2},"end":{"line":28,"column":5}},"20":{"start":{"line":26,"column":4},"end":{"line":26,"column":54}},"21":{"start":{"line":27,"column":4},"end":{"line":27,"column":17}},"22":{"start":{"line":30,"column":0},"end":{"line":30,"column":25}}},"fnMap":{"0":{"name":"(anonymous_0)","decl":{"start":{"line":10,"column":15},"end":{"line":10,"column":16}},"loc":{"start":{"line":10,"column":26},"end":{"line":10,"column":46}},"line":10},"1":{"name":"(anonymous_1)","decl":{"start":{"line":11,"column":16},"end":{"line":11,"column":17}},"loc":{"start":{"line":11,"column":22},"end":{"line":11,"column":58}},"line":11},"2":{"name":"(anonymous_2)","decl":{"start":{"line":20,"column":18},"end":{"line":20,"column":19}},"loc":{"start":{"line":20,"column":32},"end":{"line":22,"column":1}},"line":20},"3":{"name":"(anonymous_3)","decl":{"start":{"line":24,"column":16},"end":{"line":24,"column":17}},"loc":{"start":{"line":24,"column":22},"end":{"line":29,"column":1}},"line":24},"4":{"name":"(anonymous_4)","decl":{"start":{"line":25,"column":21},"end":{"line":25,"column":22}},"loc":{"start":{"line":25,"column":48},"end":{"line":28,"column":3}},"line":25}},"branchMap":{},"s":{"0":1,"1":1,"2":1,"3":1,"4":1,"5":1,"6":1,"7":1,"8":1,"9":0,"10":1,"11":1,"12":1,"13":1,"14":1,"15":1,"16":1,"17":0,"18":1,"19":1,"20":1,"21":1,"22":1},"f":{"0":0,"1":1,"2":0,"3":1,"4":1},"b":{},"_coverageSchema":"1a1c01bbd47fc00a2c39e90264f33305004495a9","hash":"6d8dcd2e72adc6b4d29c21e124efa69a65757b9a"}
,"/Users/a12345/Desktop/Yonatan Cohen Projects/Assignment2_WebDev/controllers/comments_controller.js": {"path":"/Users/a12345/Desktop/Yonatan Cohen Projects/Assignment2_WebDev/controllers/comments_controller.js","statementMap":{"0":{"start":{"line":1,"column":17},"end":{"line":1,"column":52}},"1":{"start":{"line":3,"column":22},"end":{"line":11,"column":1}},"2":{"start":{"line":4,"column":4},"end":{"line":4,"column":26}},"3":{"start":{"line":5,"column":4},"end":{"line":10,"column":5}},"4":{"start":{"line":6,"column":22},"end":{"line":6,"column":53}},"5":{"start":{"line":7,"column":6},"end":{"line":7,"column":36}},"6":{"start":{"line":9,"column":6},"end":{"line":9,"column":40}},"7":{"start":{"line":13,"column":23},"end":{"line":20,"column":3}},"8":{"start":{"line":14,"column":4},"end":{"line":19,"column":5}},"9":{"start":{"line":15,"column":23},"end":{"line":15,"column":44}},"10":{"start":{"line":16,"column":6},"end":{"line":16,"column":37}},"11":{"start":{"line":18,"column":6},"end":{"line":18,"column":51}},"12":{"start":{"line":22,"column":28},"end":{"line":30,"column":3}},"13":{"start":{"line":23,"column":23},"end":{"line":23,"column":33}},"14":{"start":{"line":24,"column":4},"end":{"line":29,"column":5}},"15":{"start":{"line":25,"column":23},"end":{"line":25,"column":54}},"16":{"start":{"line":26,"column":6},"end":{"line":26,"column":37}},"17":{"start":{"line":28,"column":6},"end":{"line":28,"column":51}},"18":{"start":{"line":32,"column":24},"end":{"line":47,"column":3}},"19":{"start":{"line":33,"column":19},"end":{"line":33,"column":29}},"20":{"start":{"line":34,"column":24},"end":{"line":34,"column":32}},"21":{"start":{"line":35,"column":4},"end":{"line":46,"column":5}},"22":{"start":{"line":36,"column":29},"end":{"line":39,"column":9}},"23":{"start":{"line":40,"column":7},"end":{"line":42,"column":8}},"24":{"start":{"line":41,"column":8},"end":{"line":41,"column":70}},"25":{"start":{"line":43,"column":6},"end":{"line":43,"column":72}},"26":{"start":{"line":45,"column":6},"end":{"line":45,"column":51}},"27":{"start":{"line":49,"column":24},"end":{"line":60,"column":3}},"28":{"start":{"line":50,"column":19},"end":{"line":50,"column":29}},"29":{"start":{"line":51,"column":4},"end":{"line":59,"column":5}},"30":{"start":{"line":52,"column":29},"end":{"line":52,"column":65}},"31":{"start":{"line":53,"column":7},"end":{"line":55,"column":8}},"32":{"start":{"line":54,"column":8},"end":{"line":54,"column":70}},"33":{"start":{"line":56,"column":6},"end":{"line":56,"column":72}},"34":{"start":{"line":58,"column":6},"end":{"line":58,"column":51}},"35":{"start":{"line":63,"column":0},"end":{"line":63,"column":100}}},"fnMap":{"0":{"name":"(anonymous_0)","decl":{"start":{"line":3,"column":22},"end":{"line":3,"column":23}},"loc":{"start":{"line":3,"column":40},"end":{"line":11,"column":1}},"line":3},"1":{"name":"(anonymous_1)","decl":{"start":{"line":13,"column":23},"end":{"line":13,"column":24}},"loc":{"start":{"line":13,"column":43},"end":{"line":20,"column":3}},"line":13},"2":{"name":"(anonymous_2)","decl":{"start":{"line":22,"column":28},"end":{"line":22,"column":29}},"loc":{"start":{"line":22,"column":48},"end":{"line":30,"column":3}},"line":22},"3":{"name":"(anonymous_3)","decl":{"start":{"line":32,"column":24},"end":{"line":32,"column":25}},"loc":{"start":{"line":32,"column":44},"end":{"line":47,"column":3}},"line":32},"4":{"name":"(anonymous_4)","decl":{"start":{"line":49,"column":24},"end":{"line":49,"column":25}},"loc":{"start":{"line":49,"column":44},"end":{"line":60,"column":3}},"line":49}},"branchMap":{"0":{"loc":{"start":{"line":40,"column":7},"end":{"line":42,"column":8}},"type":"if","locations":[{"start":{"line":40,"column":7},"end":{"line":42,"column":8}},{"start":{},"end":{}}],"line":40},"1":{"loc":{"start":{"line":53,"column":7},"end":{"line":55,"column":8}},"type":"if","locations":[{"start":{"line":53,"column":7},"end":{"line":55,"column":8}},{"start":{},"end":{}}],"line":53}},"s":{"0":1,"1":1,"2":0,"3":0,"4":0,"5":0,"6":0,"7":1,"8":0,"9":0,"10":0,"11":0,"12":1,"13":0,"14":0,"15":0,"16":0,"17":0,"18":1,"19":0,"20":0,"21":0,"22":0,"23":0,"24":0,"25":0,"26":0,"27":1,"28":0,"29":0,"30":0,"31":0,"32":0,"33":0,"34":0,"35":1},"f":{"0":0,"1":0,"2":0,"3":0,"4":0},"b":{"0":[0,0],"1":[0,0]},"_coverageSchema":"1a1c01bbd47fc00a2c39e90264f33305004495a9","hash":"9bc64321fb6e5c5259eb1c695d52eaa4a3494a06"}
,"/Users/a12345/Desktop/Yonatan Cohen Projects/Assignment2_WebDev/controllers/posts_controller.js": {"path":"/Users/a12345/Desktop/Yonatan Cohen Projects/Assignment2_WebDev/controllers/posts_controller.js","statementMap":{"0":{"start":{"line":1,"column":18},"end":{"line":1,"column":50}},"1":{"start":{"line":3,"column":20},"end":{"line":16,"column":1}},"2":{"start":{"line":4,"column":22},"end":{"line":4,"column":37}},"3":{"start":{"line":5,"column":2},"end":{"line":15,"column":3}},"4":{"start":{"line":6,"column":4},"end":{"line":12,"column":5}},"5":{"start":{"line":7,"column":20},"end":{"line":7,"column":64}},"6":{"start":{"line":8,"column":6},"end":{"line":8,"column":34}},"7":{"start":{"line":10,"column":20},"end":{"line":10,"column":42}},"8":{"start":{"line":11,"column":6},"end":{"line":11,"column":34}},"9":{"start":{"line":14,"column":4},"end":{"line":14,"column":40}},"10":{"start":{"line":20,"column":20},"end":{"line":32,"column":1}},"11":{"start":{"line":21,"column":17},"end":{"line":21,"column":30}},"12":{"start":{"line":22,"column":2},"end":{"line":31,"column":3}},"13":{"start":{"line":23,"column":17},"end":{"line":23,"column":49}},"14":{"start":{"line":24,"column":4},"end":{"line":28,"column":5}},"15":{"start":{"line":25,"column":6},"end":{"line":25,"column":52}},"16":{"start":{"line":27,"column":6},"end":{"line":27,"column":40}},"17":{"start":{"line":30,"column":4},"end":{"line":30,"column":40}},"18":{"start":{"line":34,"column":19},"end":{"line":42,"column":1}},"19":{"start":{"line":35,"column":15},"end":{"line":35,"column":23}},"20":{"start":{"line":36,"column":2},"end":{"line":41,"column":3}},"21":{"start":{"line":37,"column":20},"end":{"line":37,"column":48}},"22":{"start":{"line":38,"column":4},"end":{"line":38,"column":34}},"23":{"start":{"line":40,"column":4},"end":{"line":40,"column":32}},"24":{"start":{"line":44,"column":19},"end":{"line":52,"column":1}},"25":{"start":{"line":45,"column":17},"end":{"line":45,"column":30}},"26":{"start":{"line":46,"column":2},"end":{"line":51,"column":3}},"27":{"start":{"line":47,"column":4},"end":{"line":47,"column":46}},"28":{"start":{"line":48,"column":4},"end":{"line":48,"column":27}},"29":{"start":{"line":50,"column":4},"end":{"line":50,"column":32}},"30":{"start":{"line":54,"column":24},"end":{"line":68,"column":1}},"31":{"start":{"line":55,"column":2},"end":{"line":67,"column":3}},"32":{"start":{"line":56,"column":18},"end":{"line":56,"column":33}},"33":{"start":{"line":58,"column":4},"end":{"line":60,"column":5}},"34":{"start":{"line":59,"column":6},"end":{"line":59,"column":84}},"35":{"start":{"line":62,"column":18},"end":{"line":62,"column":49}},"36":{"start":{"line":63,"column":4},"end":{"line":63,"column":32}},"37":{"start":{"line":65,"column":4},"end":{"line":65,"column":67}},"38":{"start":{"line":66,"column":4},"end":{"line":66,"column":53}},"39":{"start":{"line":70,"column":19},"end":{"line":87,"column":1}},"40":{"start":{"line":71,"column":13},"end":{"line":71,"column":26}},"41":{"start":{"line":72,"column":22},"end":{"line":72,"column":30}},"42":{"start":{"line":73,"column":2},"end":{"line":86,"column":3}},"43":{"start":{"line":74,"column":24},"end":{"line":77,"column":6}},"44":{"start":{"line":79,"column":4},"end":{"line":83,"column":5}},"45":{"start":{"line":80,"column":6},"end":{"line":80,"column":65}},"46":{"start":{"line":82,"column":6},"end":{"line":82,"column":47}},"47":{"start":{"line":85,"column":4},"end":{"line":85,"column":56}},"48":{"start":{"line":90,"column":0},"end":{"line":97,"column":2}}},"fnMap":{"0":{"name":"(anonymous_0)","decl":{"start":{"line":3,"column":20},"end":{"line":3,"column":21}},"loc":{"start":{"line":3,"column":40},"end":{"line":16,"column":1}},"line":3},"1":{"name":"(anonymous_1)","decl":{"start":{"line":20,"column":20},"end":{"line":20,"column":21}},"loc":{"start":{"line":20,"column":40},"end":{"line":32,"column":1}},"line":20},"2":{"name":"(anonymous_2)","decl":{"start":{"line":34,"column":19},"end":{"line":34,"column":20}},"loc":{"start":{"line":34,"column":39},"end":{"line":42,"column":1}},"line":34},"3":{"name":"(anonymous_3)","decl":{"start":{"line":44,"column":19},"end":{"line":44,"column":20}},"loc":{"start":{"line":44,"column":39},"end":{"line":52,"column":1}},"line":44},"4":{"name":"(anonymous_4)","decl":{"start":{"line":54,"column":24},"end":{"line":54,"column":25}},"loc":{"start":{"line":54,"column":44},"end":{"line":68,"column":1}},"line":54},"5":{"name":"(anonymous_5)","decl":{"start":{"line":70,"column":19},"end":{"line":70,"column":20}},"loc":{"start":{"line":70,"column":39},"end":{"line":87,"column":1}},"line":70}},"branchMap":{"0":{"loc":{"start":{"line":6,"column":4},"end":{"line":12,"column":5}},"type":"if","locations":[{"start":{"line":6,"column":4},"end":{"line":12,"column":5}},{"start":{"line":9,"column":11},"end":{"line":12,"column":5}}],"line":6},"1":{"loc":{"start":{"line":24,"column":4},"end":{"line":28,"column":5}},"type":"if","locations":[{"start":{"line":24,"column":4},"end":{"line":28,"column":5}},{"start":{"line":26,"column":11},"end":{"line":28,"column":5}}],"line":24},"2":{"loc":{"start":{"line":58,"column":4},"end":{"line":60,"column":5}},"type":"if","locations":[{"start":{"line":58,"column":4},"end":{"line":60,"column":5}},{"start":{},"end":{}}],"line":58},"3":{"loc":{"start":{"line":79,"column":4},"end":{"line":83,"column":5}},"type":"if","locations":[{"start":{"line":79,"column":4},"end":{"line":83,"column":5}},{"start":{"line":81,"column":11},"end":{"line":83,"column":5}}],"line":79}},"s":{"0":1,"1":1,"2":2,"3":2,"4":2,"5":0,"6":0,"7":2,"8":2,"9":0,"10":1,"11":2,"12":2,"13":2,"14":2,"15":1,"16":1,"17":0,"18":1,"19":3,"20":3,"21":3,"22":2,"23":1,"24":1,"25":1,"26":1,"27":1,"28":1,"29":0,"30":1,"31":1,"32":1,"33":1,"34":0,"35":1,"36":1,"37":0,"38":0,"39":1,"40":0,"41":0,"42":0,"43":0,"44":0,"45":0,"46":0,"47":0,"48":1},"f":{"0":2,"1":2,"2":3,"3":1,"4":1,"5":0},"b":{"0":[0,2],"1":[1,1],"2":[0,1],"3":[0,0]},"_coverageSchema":"1a1c01bbd47fc00a2c39e90264f33305004495a9","hash":"825c343ef2c9e5cfd2fb81014184e5aa4d9d8d2c"}
,"/Users/a12345/Desktop/Yonatan Cohen Projects/Assignment2_WebDev/models/comments_model.js": {"path":"/Users/a12345/Desktop/Yonatan Cohen Projects/Assignment2_WebDev/models/comments_model.js","statementMap":{"0":{"start":{"line":1,"column":17},"end":{"line":1,"column":36}},"1":{"start":{"line":2,"column":15},"end":{"line":2,"column":30}},"2":{"start":{"line":3,"column":23},"end":{"line":24,"column":2}},"3":{"start":{"line":26,"column":17},"end":{"line":26,"column":59}},"4":{"start":{"line":27,"column":0},"end":{"line":27,"column":26}}},"fnMap":{},"branchMap":{},"s":{"0":1,"1":1,"2":1,"3":1,"4":1},"f":{},"b":{},"_coverageSchema":"1a1c01bbd47fc00a2c39e90264f33305004495a9","hash":"3a373e1c975c592b629b79a29e918a8fbac44910"}
,"/Users/a12345/Desktop/Yonatan Cohen Projects/Assignment2_WebDev/models/posts_model.js": {"path":"/Users/a12345/Desktop/Yonatan Cohen Projects/Assignment2_WebDev/models/posts_model.js","statementMap":{"0":{"start":{"line":1,"column":16},"end":{"line":1,"column":35}},"1":{"start":{"line":2,"column":15},"end":{"line":2,"column":30}},"2":{"start":{"line":3,"column":20},"end":{"line":13,"column":2}},"3":{"start":{"line":15,"column":18},"end":{"line":15,"column":54}},"4":{"start":{"line":16,"column":0},"end":{"line":16,"column":27}}},"fnMap":{},"branchMap":{},"s":{"0":1,"1":1,"2":1,"3":1,"4":1},"f":{},"b":{},"_coverageSchema":"1a1c01bbd47fc00a2c39e90264f33305004495a9","hash":"5efce0465b1ab3b69097fa2b2bffdbf598e7edc4"}
,"/Users/a12345/Desktop/Yonatan Cohen Projects/Assignment2_WebDev/routes/comments_routes.js": {"path":"/Users/a12345/Desktop/Yonatan Cohen Projects/Assignment2_WebDev/routes/comments_routes.js","statementMap":{"0":{"start":{"line":1,"column":16},"end":{"line":1,"column":34}},"1":{"start":{"line":2,"column":15},"end":{"line":2,"column":31}},"2":{"start":{"line":3,"column":27},"end":{"line":3,"column":72}},"3":{"start":{"line":5,"column":0},"end":{"line":5,"column":51}},"4":{"start":{"line":7,"column":0},"end":{"line":7,"column":51}},"5":{"start":{"line":9,"column":0},"end":{"line":9,"column":67}},"6":{"start":{"line":11,"column":0},"end":{"line":11,"column":53}},"7":{"start":{"line":13,"column":0},"end":{"line":13,"column":56}},"8":{"start":{"line":15,"column":0},"end":{"line":15,"column":24}}},"fnMap":{},"branchMap":{},"s":{"0":1,"1":1,"2":1,"3":1,"4":1,"5":1,"6":1,"7":1,"8":1},"f":{},"b":{},"_coverageSchema":"1a1c01bbd47fc00a2c39e90264f33305004495a9","hash":"5eae40a2e20697694fc0925570dfbf420a9034b3"}
,"/Users/a12345/Desktop/Yonatan Cohen Projects/Assignment2_WebDev/routes/posts_routes.js": {"path":"/Users/a12345/Desktop/Yonatan Cohen Projects/Assignment2_WebDev/routes/posts_routes.js","statementMap":{"0":{"start":{"line":1,"column":16},"end":{"line":1,"column":34}},"1":{"start":{"line":2,"column":15},"end":{"line":2,"column":31}},"2":{"start":{"line":3,"column":24},"end":{"line":3,"column":66}},"3":{"start":{"line":5,"column":0},"end":{"line":5,"column":57}},"4":{"start":{"line":7,"column":0},"end":{"line":7,"column":45}},"5":{"start":{"line":9,"column":0},"end":{"line":9,"column":48}},"6":{"start":{"line":11,"column":0},"end":{"line":11,"column":44}},"7":{"start":{"line":13,"column":0},"end":{"line":13,"column":47}},"8":{"start":{"line":15,"column":0},"end":{"line":15,"column":50}},"9":{"start":{"line":19,"column":0},"end":{"line":19,"column":24}}},"fnMap":{},"branchMap":{},"s":{"0":1,"1":1,"2":1,"3":1,"4":1,"5":1,"6":1,"7":1,"8":1,"9":1},"f":{},"b":{},"_coverageSchema":"1a1c01bbd47fc00a2c39e90264f33305004495a9","hash":"cc3499cded31b8597d869cd8836eaf9d7f060111"}
}
