{"/Users/barkobi/Assignment2_WebDev-1/src/server.ts": {"path":"/Users/barkobi/Assignment2_WebDev-1/src/server.ts","statementMap":{"0":{"start":{"line":1,"column":0},"end":{"line":1,"column":43}},"1":{"start":{"line":2,"column":12},"end":{"line":2,"column":21}},"2":{"start":{"line":3,"column":0},"end":{"line":3,"column":28}},"3":{"start":{"line":4,"column":0},"end":{"line":4,"column":16}},"4":{"start":{"line":5,"column":0},"end":{"line":5,"column":32}},"5":{"start":{"line":6,"column":0},"end":{"line":6,"column":37}},"6":{"start":{"line":7,"column":0},"end":{"line":7,"column":48}},"7":{"start":{"line":8,"column":0},"end":{"line":8,"column":54}},"8":{"start":{"line":9,"column":0},"end":{"line":9,"column":46}},"9":{"start":{"line":10,"column":0},"end":{"line":10,"column":41}},"10":{"start":{"line":11,"column":0},"end":{"line":11,"column":43}},"11":{"start":{"line":14,"column":11},"end":{"line":14,"column":30}},"12":{"start":{"line":15,"column":0},"end":{"line":15,"column":48}},"13":{"start":{"line":15,"column":26},"end":{"line":15,"column":46}},"14":{"start":{"line":16,"column":0},"end":{"line":16,"column":60}},"15":{"start":{"line":16,"column":22},"end":{"line":16,"column":58}},"16":{"start":{"line":18,"column":0},"end":{"line":18,"column":27}},"17":{"start":{"line":19,"column":0},"end":{"line":19,"column":51}},"18":{"start":{"line":21,"column":0},"end":{"line":26,"column":3}},"19":{"start":{"line":22,"column":2},"end":{"line":22,"column":49}},"20":{"start":{"line":23,"column":2},"end":{"line":23,"column":50}},"21":{"start":{"line":24,"column":2},"end":{"line":24,"column":50}},"22":{"start":{"line":25,"column":2},"end":{"line":25,"column":9}},"23":{"start":{"line":28,"column":0},"end":{"line":28,"column":31}},"24":{"start":{"line":29,"column":0},"end":{"line":29,"column":37}},"25":{"start":{"line":30,"column":0},"end":{"line":30,"column":29}},"26":{"start":{"line":33,"column":0},"end":{"line":35,"column":3}},"27":{"start":{"line":34,"column":2},"end":{"line":34,"column":27}},"28":{"start":{"line":37,"column":16},"end":{"line":48,"column":2}},"29":{"start":{"line":49,"column":14},"end":{"line":49,"column":35}},"30":{"start":{"line":50,"column":0},"end":{"line":50,"column":62}},"31":{"start":{"line":53,"column":16},"end":{"line":64,"column":1}},"32":{"start":{"line":54,"column":2},"end":{"line":63,"column":5}},"33":{"start":{"line":55,"column":4},"end":{"line":62,"column":5}},"34":{"start":{"line":56,"column":6},"end":{"line":56,"column":45}},"35":{"start":{"line":58,"column":6},"end":{"line":61,"column":39}},"36":{"start":{"line":60,"column":18},"end":{"line":60,"column":30}},"37":{"start":{"line":61,"column":24},"end":{"line":61,"column":37}},"38":{"start":{"line":65,"column":0},"end":{"line":65,"column":23}}},"fnMap":{"0":{"name":"(anonymous_1)","decl":{"start":{"line":15,"column":15},"end":{"line":15,"column":16}},"loc":{"start":{"line":15,"column":26},"end":{"line":15,"column":46}}},"1":{"name":"(anonymous_2)","decl":{"start":{"line":16,"column":16},"end":{"line":16,"column":19}},"loc":{"start":{"line":16,"column":22},"end":{"line":16,"column":58}}},"2":{"name":"(anonymous_3)","decl":{"start":{"line":21,"column":8},"end":{"line":21,"column":9}},"loc":{"start":{"line":21,"column":27},"end":{"line":26,"column":1}}},"3":{"name":"(anonymous_4)","decl":{"start":{"line":33,"column":18},"end":{"line":33,"column":19}},"loc":{"start":{"line":33,"column":31},"end":{"line":35,"column":1}}},"4":{"name":"(anonymous_5)","decl":{"start":{"line":53,"column":16},"end":{"line":53,"column":19}},"loc":{"start":{"line":53,"column":21},"end":{"line":64,"column":1}}},"5":{"name":"(anonymous_6)","decl":{"start":{"line":54,"column":30},"end":{"line":54,"column":31}},"loc":{"start":{"line":54,"column":50},"end":{"line":63,"column":3}}},"6":{"name":"(anonymous_7)","decl":{"start":{"line":60,"column":12},"end":{"line":60,"column":15}},"loc":{"start":{"line":60,"column":18},"end":{"line":60,"column":30}}},"7":{"name":"(anonymous_8)","decl":{"start":{"line":61,"column":13},"end":{"line":61,"column":14}},"loc":{"start":{"line":61,"column":24},"end":{"line":61,"column":37}}}},"branchMap":{"0":{"loc":{"start":{"line":55,"column":4},"end":{"line":62,"column":5}},"type":"if","locations":[{"start":{"line":55,"column":4},"end":{"line":62,"column":5}},{"start":{"line":57,"column":11},"end":{"line":62,"column":5}}]}},"s":{"0":3,"1":3,"2":3,"3":3,"4":3,"5":3,"6":3,"7":3,"8":3,"9":3,"10":3,"11":3,"12":3,"13":0,"14":3,"15":3,"16":3,"17":3,"18":3,"19":67,"20":67,"21":67,"22":67,"23":3,"24":3,"25":3,"26":3,"27":0,"28":3,"29":3,"30":3,"31":3,"32":3,"33":3,"34":0,"35":3,"36":3,"37":0,"38":3},"f":{"0":0,"1":3,"2":67,"3":0,"4":3,"5":3,"6":3,"7":0},"b":{"0":[0,3]}}
,"/Users/barkobi/Assignment2_WebDev-1/src/controllers/auth_controller.ts": {"path":"/Users/barkobi/Assignment2_WebDev-1/src/controllers/auth_controller.ts","statementMap":{"0":{"start":{"line":2,"column":0},"end":{"line":2,"column":57}},"1":{"start":{"line":3,"column":0},"end":{"line":3,"column":28}},"2":{"start":{"line":4,"column":0},"end":{"line":4,"column":31}},"3":{"start":{"line":10,"column":18},"end":{"line":10,"column":32}},"4":{"start":{"line":11,"column":21},"end":{"line":11,"column":38}},"5":{"start":{"line":13,"column":4},"end":{"line":16,"column":5}},"6":{"start":{"line":14,"column":8},"end":{"line":14,"column":67}},"7":{"start":{"line":15,"column":8},"end":{"line":15,"column":15}},"8":{"start":{"line":17,"column":4},"end":{"line":36,"column":5}},"9":{"start":{"line":18,"column":29},"end":{"line":18,"column":63}},"10":{"start":{"line":19,"column":8},"end":{"line":22,"column":9}},"11":{"start":{"line":20,"column":12},"end":{"line":20,"column":68}},"12":{"start":{"line":21,"column":13},"end":{"line":21,"column":20}},"13":{"start":{"line":23,"column":21},"end":{"line":23,"column":45}},"14":{"start":{"line":24,"column":31},"end":{"line":24,"column":64}},"15":{"start":{"line":26,"column":21},"end":{"line":29,"column":10}},"16":{"start":{"line":30,"column":8},"end":{"line":30,"column":35}},"17":{"start":{"line":31,"column":8},"end":{"line":31,"column":15}},"18":{"start":{"line":33,"column":8},"end":{"line":33,"column":53}},"19":{"start":{"line":34,"column":8},"end":{"line":34,"column":36}},"20":{"start":{"line":35,"column":8},"end":{"line":35,"column":15}},"21":{"start":{"line":40,"column":23},"end":{"line":67,"column":1}},"22":{"start":{"line":41,"column":4},"end":{"line":43,"column":5}},"23":{"start":{"line":42,"column":8},"end":{"line":42,"column":20}},"24":{"start":{"line":44,"column":19},"end":{"line":44,"column":43}},"25":{"start":{"line":45,"column":24},"end":{"line":51,"column":48}},"26":{"start":{"line":52,"column":25},"end":{"line":58,"column":56}},"27":{"start":{"line":59,"column":4},"end":{"line":61,"column":5}},"28":{"start":{"line":60,"column":8},"end":{"line":60,"column":31}},"29":{"start":{"line":62,"column":4},"end":{"line":62,"column":41}},"30":{"start":{"line":63,"column":4},"end":{"line":66,"column":6}},"31":{"start":{"line":69,"column":14},"end":{"line":98,"column":6}},"32":{"start":{"line":69,"column":52},"end":{"line":98,"column":6}},"33":{"start":{"line":70,"column":4},"end":{"line":97,"column":6}},"34":{"start":{"line":72,"column":21},"end":{"line":72,"column":71}},"35":{"start":{"line":73,"column":8},"end":{"line":76,"column":9}},"36":{"start":{"line":74,"column":12},"end":{"line":74,"column":60}},"37":{"start":{"line":75,"column":12},"end":{"line":75,"column":19}},"38":{"start":{"line":77,"column":22},"end":{"line":77,"column":76}},"39":{"start":{"line":78,"column":8},"end":{"line":81,"column":9}},"40":{"start":{"line":79,"column":12},"end":{"line":79,"column":60}},"41":{"start":{"line":80,"column":12},"end":{"line":80,"column":19}},"42":{"start":{"line":83,"column":24},"end":{"line":83,"column":44}},"43":{"start":{"line":84,"column":9},"end":{"line":87,"column":10}},"44":{"start":{"line":85,"column":13},"end":{"line":85,"column":51}},"45":{"start":{"line":86,"column":13},"end":{"line":86,"column":20}},"46":{"start":{"line":88,"column":9},"end":{"line":88,"column":27}},"47":{"start":{"line":89,"column":9},"end":{"line":94,"column":16}},"48":{"start":{"line":96,"column":9},"end":{"line":96,"column":57}},"49":{"start":{"line":106,"column":27},"end":{"line":144,"column":1}},"50":{"start":{"line":107,"column":4},"end":{"line":143,"column":7}},"51":{"start":{"line":108,"column":8},"end":{"line":111,"column":9}},"52":{"start":{"line":109,"column":12},"end":{"line":109,"column":36}},"53":{"start":{"line":110,"column":12},"end":{"line":110,"column":19}},"54":{"start":{"line":113,"column":8},"end":{"line":116,"column":9}},"55":{"start":{"line":114,"column":12},"end":{"line":114,"column":35}},"56":{"start":{"line":115,"column":12},"end":{"line":115,"column":19}},"57":{"start":{"line":118,"column":8},"end":{"line":142,"column":11}},"58":{"start":{"line":118,"column":92},"end":{"line":142,"column":10}},"59":{"start":{"line":119,"column":12},"end":{"line":122,"column":13}},"60":{"start":{"line":120,"column":16},"end":{"line":120,"column":40}},"61":{"start":{"line":121,"column":16},"end":{"line":121,"column":23}},"62":{"start":{"line":123,"column":27},"end":{"line":123,"column":38}},"63":{"start":{"line":124,"column":12},"end":{"line":141,"column":13}},"64":{"start":{"line":125,"column":29},"end":{"line":125,"column":61}},"65":{"start":{"line":126,"column":16},"end":{"line":129,"column":17}},"66":{"start":{"line":127,"column":20},"end":{"line":127,"column":44}},"67":{"start":{"line":128,"column":20},"end":{"line":128,"column":27}},"68":{"start":{"line":130,"column":16},"end":{"line":135,"column":17}},"69":{"start":{"line":131,"column":20},"end":{"line":131,"column":43}},"70":{"start":{"line":132,"column":20},"end":{"line":132,"column":38}},"71":{"start":{"line":133,"column":20},"end":{"line":133,"column":44}},"72":{"start":{"line":134,"column":20},"end":{"line":134,"column":27}},"73":{"start":{"line":136,"column":16},"end":{"line":136,"column":96}},"74":{"start":{"line":136,"column":72},"end":{"line":136,"column":94}},"75":{"start":{"line":137,"column":16},"end":{"line":137,"column":30}},"76":{"start":{"line":139,"column":16},"end":{"line":139,"column":40}},"77":{"start":{"line":140,"column":16},"end":{"line":140,"column":23}},"78":{"start":{"line":146,"column":15},"end":{"line":155,"column":2}},"79":{"start":{"line":146,"column":53},"end":{"line":155,"column":2}},"80":{"start":{"line":147,"column":4},"end":{"line":154,"column":5}},"81":{"start":{"line":148,"column":21},"end":{"line":148,"column":67}},"82":{"start":{"line":149,"column":8},"end":{"line":149,"column":26}},"83":{"start":{"line":150,"column":8},"end":{"line":150,"column":43}},"84":{"start":{"line":152,"column":8},"end":{"line":152,"column":46}},"85":{"start":{"line":153,"column":8},"end":{"line":153,"column":15}},"86":{"start":{"line":157,"column":16},"end":{"line":176,"column":2}},"87":{"start":{"line":157,"column":54},"end":{"line":176,"column":2}},"88":{"start":{"line":158,"column":4},"end":{"line":175,"column":5}},"89":{"start":{"line":159,"column":21},"end":{"line":159,"column":67}},"90":{"start":{"line":161,"column":23},"end":{"line":161,"column":43}},"91":{"start":{"line":162,"column":8},"end":{"line":162,"column":26}},"92":{"start":{"line":163,"column":8},"end":{"line":166,"column":9}},"93":{"start":{"line":164,"column":12},"end":{"line":164,"column":50}},"94":{"start":{"line":165,"column":12},"end":{"line":165,"column":19}},"95":{"start":{"line":168,"column":8},"end":{"line":171,"column":11}},"96":{"start":{"line":173,"column":8},"end":{"line":173,"column":46}},"97":{"start":{"line":174,"column":8},"end":{"line":174,"column":15}},"98":{"start":{"line":181,"column":30},"end":{"line":204,"column":1}},"99":{"start":{"line":182,"column":26},"end":{"line":182,"column":84}},"100":{"start":{"line":183,"column":18},"end":{"line":183,"column":46}},"101":{"start":{"line":185,"column":4},"end":{"line":188,"column":5}},"102":{"start":{"line":186,"column":8},"end":{"line":186,"column":46}},"103":{"start":{"line":187,"column":8},"end":{"line":187,"column":15}},"104":{"start":{"line":190,"column":4},"end":{"line":193,"column":5}},"105":{"start":{"line":191,"column":8},"end":{"line":191,"column":74}},"106":{"start":{"line":192,"column":8},"end":{"line":192,"column":15}},"107":{"start":{"line":195,"column":4},"end":{"line":203,"column":7}},"108":{"start":{"line":196,"column":8},"end":{"line":199,"column":9}},"109":{"start":{"line":197,"column":12},"end":{"line":197,"column":61}},"110":{"start":{"line":198,"column":12},"end":{"line":198,"column":19}},"111":{"start":{"line":200,"column":24},"end":{"line":200,"column":55}},"112":{"start":{"line":201,"column":8},"end":{"line":201,"column":35}},"113":{"start":{"line":202,"column":8},"end":{"line":202,"column":15}},"114":{"start":{"line":181,"column":13},"end":{"line":181,"column":30}},"115":{"start":{"line":208,"column":0},"end":{"line":213,"column":null}}},"fnMap":{"0":{"name":"register","decl":{"start":{"line":8,"column":15},"end":{"line":8,"column":23}},"loc":{"start":{"line":8,"column":51},"end":{"line":37,"column":null}}},"1":{"name":"(anonymous_10)","decl":{"start":{"line":40,"column":23},"end":{"line":40,"column":24}},"loc":{"start":{"line":40,"column":93},"end":{"line":67,"column":1}}},"2":{"name":"(anonymous_11)","decl":{"start":{"line":69,"column":14},"end":{"line":69,"column":21}},"loc":{"start":{"line":69,"column":52},"end":{"line":98,"column":6}}},"3":{"name":"(anonymous_12)","decl":{"start":{"line":69,"column":52},"end":{"line":69,"column":null}},"loc":{"start":{"line":69,"column":52},"end":{"line":98,"column":5}}},"4":{"name":"(anonymous_13)","decl":{"start":{"line":106,"column":27},"end":{"line":106,"column":28}},"loc":{"start":{"line":106,"column":64},"end":{"line":144,"column":1}}},"5":{"name":"(anonymous_14)","decl":{"start":{"line":107,"column":37},"end":{"line":107,"column":38}},"loc":{"start":{"line":107,"column":57},"end":{"line":143,"column":5}}},"6":{"name":"(anonymous_15)","decl":{"start":{"line":118,"column":59},"end":{"line":118,"column":66}},"loc":{"start":{"line":118,"column":92},"end":{"line":142,"column":10}}},"7":{"name":"(anonymous_16)","decl":{"start":{"line":118,"column":92},"end":{"line":118,"column":null}},"loc":{"start":{"line":118,"column":92},"end":{"line":142,"column":9}}},"8":{"name":"(anonymous_17)","decl":{"start":{"line":136,"column":61},"end":{"line":136,"column":62}},"loc":{"start":{"line":136,"column":72},"end":{"line":136,"column":94}}},"9":{"name":"(anonymous_18)","decl":{"start":{"line":146,"column":15},"end":{"line":146,"column":22}},"loc":{"start":{"line":146,"column":53},"end":{"line":155,"column":2}}},"10":{"name":"(anonymous_19)","decl":{"start":{"line":146,"column":53},"end":{"line":146,"column":null}},"loc":{"start":{"line":146,"column":53},"end":{"line":155,"column":1}}},"11":{"name":"(anonymous_20)","decl":{"start":{"line":157,"column":16},"end":{"line":157,"column":23}},"loc":{"start":{"line":157,"column":54},"end":{"line":176,"column":2}}},"12":{"name":"(anonymous_21)","decl":{"start":{"line":157,"column":54},"end":{"line":157,"column":null}},"loc":{"start":{"line":157,"column":54},"end":{"line":176,"column":1}}},"13":{"name":"(anonymous_22)","decl":{"start":{"line":181,"column":30},"end":{"line":181,"column":31}},"loc":{"start":{"line":181,"column":82},"end":{"line":204,"column":1}}},"14":{"name":"(anonymous_23)","decl":{"start":{"line":195,"column":48},"end":{"line":195,"column":49}},"loc":{"start":{"line":195,"column":65},"end":{"line":203,"column":5}}}},"branchMap":{"0":{"loc":{"start":{"line":13,"column":4},"end":{"line":16,"column":5}},"type":"if","locations":[{"start":{"line":13,"column":4},"end":{"line":16,"column":5}}]},"1":{"loc":{"start":{"line":13,"column":8},"end":{"line":13,"column":27}},"type":"binary-expr","locations":[{"start":{"line":13,"column":8},"end":{"line":13,"column":14}},{"start":{"line":13,"column":18},"end":{"line":13,"column":27}}]},"2":{"loc":{"start":{"line":19,"column":8},"end":{"line":22,"column":9}},"type":"if","locations":[{"start":{"line":19,"column":8},"end":{"line":22,"column":9}}]},"3":{"loc":{"start":{"line":41,"column":4},"end":{"line":43,"column":5}},"type":"if","locations":[{"start":{"line":41,"column":4},"end":{"line":43,"column":5}}]},"4":{"loc":{"start":{"line":59,"column":4},"end":{"line":61,"column":5}},"type":"if","locations":[{"start":{"line":59,"column":4},"end":{"line":61,"column":5}}]},"5":{"loc":{"start":{"line":73,"column":8},"end":{"line":76,"column":9}},"type":"if","locations":[{"start":{"line":73,"column":8},"end":{"line":76,"column":9}}]},"6":{"loc":{"start":{"line":78,"column":8},"end":{"line":81,"column":9}},"type":"if","locations":[{"start":{"line":78,"column":8},"end":{"line":81,"column":9}}]},"7":{"loc":{"start":{"line":84,"column":9},"end":{"line":87,"column":10}},"type":"if","locations":[{"start":{"line":84,"column":9},"end":{"line":87,"column":10}}]},"8":{"loc":{"start":{"line":108,"column":8},"end":{"line":111,"column":9}},"type":"if","locations":[{"start":{"line":108,"column":8},"end":{"line":111,"column":9}}]},"9":{"loc":{"start":{"line":113,"column":8},"end":{"line":116,"column":9}},"type":"if","locations":[{"start":{"line":113,"column":8},"end":{"line":116,"column":9}}]},"10":{"loc":{"start":{"line":119,"column":12},"end":{"line":122,"column":13}},"type":"if","locations":[{"start":{"line":119,"column":12},"end":{"line":122,"column":13}}]},"11":{"loc":{"start":{"line":126,"column":16},"end":{"line":129,"column":17}},"type":"if","locations":[{"start":{"line":126,"column":16},"end":{"line":129,"column":17}}]},"12":{"loc":{"start":{"line":130,"column":16},"end":{"line":135,"column":17}},"type":"if","locations":[{"start":{"line":130,"column":16},"end":{"line":135,"column":17}}]},"13":{"loc":{"start":{"line":130,"column":20},"end":{"line":130,"column":83}},"type":"binary-expr","locations":[{"start":{"line":130,"column":20},"end":{"line":130,"column":38}},{"start":{"line":130,"column":42},"end":{"line":130,"column":83}}]},"14":{"loc":{"start":{"line":163,"column":8},"end":{"line":166,"column":9}},"type":"if","locations":[{"start":{"line":163,"column":8},"end":{"line":166,"column":9}}]},"15":{"loc":{"start":{"line":182,"column":26},"end":{"line":182,"column":84}},"type":"binary-expr","locations":[{"start":{"line":182,"column":26},"end":{"line":182,"column":53}},{"start":{"line":182,"column":57},"end":{"line":182,"column":84}}]},"16":{"loc":{"start":{"line":183,"column":18},"end":{"line":183,"column":46}},"type":"cond-expr","locations":[{"start":{"line":183,"column":31},"end":{"line":183,"column":33}},{"start":{"line":183,"column":18},"end":{"line":183,"column":46}}]},"17":{"loc":{"start":{"line":183,"column":18},"end":{"line":183,"column":33}},"type":"binary-expr","locations":[{"start":{"line":183,"column":18},"end":{"line":183,"column":33}},{"start":{"line":183,"column":18},"end":{"line":183,"column":33}}]},"18":{"loc":{"start":{"line":185,"column":4},"end":{"line":188,"column":5}},"type":"if","locations":[{"start":{"line":185,"column":4},"end":{"line":188,"column":5}}]},"19":{"loc":{"start":{"line":190,"column":4},"end":{"line":193,"column":5}},"type":"if","locations":[{"start":{"line":190,"column":4},"end":{"line":193,"column":5}}]},"20":{"loc":{"start":{"line":196,"column":8},"end":{"line":199,"column":9}},"type":"if","locations":[{"start":{"line":196,"column":8},"end":{"line":199,"column":9}}]}},"s":{"0":3,"1":3,"2":3,"3":6,"4":6,"5":6,"6":1,"7":1,"8":5,"9":5,"10":5,"11":2,"12":2,"13":3,"14":3,"15":3,"16":1,"17":1,"18":2,"19":2,"20":2,"21":3,"22":13,"23":1,"24":12,"25":12,"26":12,"27":12,"28":0,"29":12,"30":12,"31":3,"32":15,"33":15,"34":15,"35":15,"36":2,"37":2,"38":13,"39":11,"40":2,"41":2,"42":9,"43":9,"44":1,"45":1,"46":8,"47":8,"48":2,"49":3,"50":8,"51":8,"52":0,"53":0,"54":8,"55":0,"56":0,"57":8,"58":8,"59":8,"60":0,"61":0,"62":8,"63":8,"64":8,"65":8,"66":0,"67":0,"68":8,"69":3,"70":3,"71":3,"72":3,"73":5,"74":12,"75":5,"76":0,"77":0,"78":3,"79":1,"80":1,"81":1,"82":1,"83":1,"84":0,"85":0,"86":3,"87":7,"88":7,"89":7,"90":4,"91":4,"92":4,"93":0,"94":0,"95":4,"96":3,"97":3,"98":3,"99":29,"100":29,"101":29,"102":2,"103":2,"104":27,"105":0,"106":0,"107":27,"108":27,"109":15,"110":15,"111":12,"112":12,"113":12,"114":3,"115":3},"f":{"0":6,"1":13,"2":15,"3":15,"4":8,"5":8,"6":8,"7":8,"8":12,"9":1,"10":1,"11":7,"12":7,"13":29,"14":27},"b":{"0":[1],"1":[6,5],"2":[2],"3":[1],"4":[0],"5":[2],"6":[2],"7":[1],"8":[0],"9":[0],"10":[0],"11":[0],"12":[3],"13":[8,8],"14":[0],"15":[29,2],"16":[2,27],"17":[29,29],"18":[2],"19":[0],"20":[15]}}
,"/Users/barkobi/Assignment2_WebDev-1/src/controllers/base_controller.ts": {"path":"/Users/barkobi/Assignment2_WebDev-1/src/controllers/base_controller.ts","statementMap":{"0":{"start":{"line":8,"column":4},"end":{"line":8,"column":23}},"1":{"start":{"line":12,"column":24},"end":{"line":12,"column":39}},"2":{"start":{"line":13,"column":4},"end":{"line":23,"column":5}},"3":{"start":{"line":14,"column":6},"end":{"line":20,"column":7}},"4":{"start":{"line":15,"column":22},"end":{"line":15,"column":67}},"5":{"start":{"line":16,"column":8},"end":{"line":16,"column":36}},"6":{"start":{"line":18,"column":22},"end":{"line":18,"column":45}},"7":{"start":{"line":19,"column":8},"end":{"line":19,"column":36}},"8":{"start":{"line":22,"column":6},"end":{"line":22,"column":77}},"9":{"start":{"line":27,"column":15},"end":{"line":27,"column":28}},"10":{"start":{"line":28,"column":4},"end":{"line":37,"column":5}},"11":{"start":{"line":29,"column":19},"end":{"line":29,"column":48}},"12":{"start":{"line":30,"column":6},"end":{"line":33,"column":7}},"13":{"start":{"line":31,"column":8},"end":{"line":31,"column":60}},"14":{"start":{"line":32,"column":8},"end":{"line":32,"column":15}},"15":{"start":{"line":34,"column":6},"end":{"line":34,"column":33}},"16":{"start":{"line":36,"column":6},"end":{"line":36,"column":77}},"17":{"start":{"line":41,"column":17},"end":{"line":41,"column":25}},"18":{"start":{"line":42,"column":4},"end":{"line":47,"column":5}},"19":{"start":{"line":43,"column":22},"end":{"line":43,"column":51}},"20":{"start":{"line":44,"column":6},"end":{"line":44,"column":36}},"21":{"start":{"line":46,"column":6},"end":{"line":46,"column":81}},"22":{"start":{"line":51,"column":15},"end":{"line":51,"column":28}},"23":{"start":{"line":52,"column":4},"end":{"line":61,"column":5}},"24":{"start":{"line":53,"column":26},"end":{"line":53,"column":64}},"25":{"start":{"line":54,"column":6},"end":{"line":57,"column":7}},"26":{"start":{"line":55,"column":8},"end":{"line":55,"column":60}},"27":{"start":{"line":56,"column":8},"end":{"line":56,"column":15}},"28":{"start":{"line":58,"column":6},"end":{"line":58,"column":75}},"29":{"start":{"line":60,"column":6},"end":{"line":60,"column":77}},"30":{"start":{"line":65,"column":18},"end":{"line":65,"column":33}},"31":{"start":{"line":66,"column":4},"end":{"line":69,"column":5}},"32":{"start":{"line":67,"column":6},"end":{"line":67,"column":77}},"33":{"start":{"line":68,"column":6},"end":{"line":68,"column":13}},"34":{"start":{"line":70,"column":4},"end":{"line":75,"column":5}},"35":{"start":{"line":71,"column":20},"end":{"line":71,"column":52}},"36":{"start":{"line":72,"column":6},"end":{"line":72,"column":34}},"37":{"start":{"line":74,"column":6},"end":{"line":74,"column":77}},"38":{"start":{"line":79,"column":15},"end":{"line":79,"column":28}},"39":{"start":{"line":80,"column":23},"end":{"line":80,"column":31}},"40":{"start":{"line":81,"column":4},"end":{"line":90,"column":5}},"41":{"start":{"line":82,"column":26},"end":{"line":82,"column":91}},"42":{"start":{"line":83,"column":6},"end":{"line":86,"column":7}},"43":{"start":{"line":84,"column":8},"end":{"line":84,"column":60}},"44":{"start":{"line":85,"column":8},"end":{"line":85,"column":15}},"45":{"start":{"line":87,"column":6},"end":{"line":87,"column":40}},"46":{"start":{"line":89,"column":6},"end":{"line":89,"column":77}},"47":{"start":{"line":94,"column":0},"end":{"line":94,"column":30}}},"fnMap":{"0":{"name":"(anonymous_7)","decl":{"start":{"line":7,"column":2},"end":{"line":7,"column":14}},"loc":{"start":{"line":7,"column":29},"end":{"line":9,"column":3}}},"1":{"name":"(anonymous_8)","decl":{"start":{"line":11,"column":8},"end":{"line":11,"column":14}},"loc":{"start":{"line":11,"column":42},"end":{"line":24,"column":null}}},"2":{"name":"(anonymous_10)","decl":{"start":{"line":26,"column":8},"end":{"line":26,"column":15}},"loc":{"start":{"line":26,"column":43},"end":{"line":38,"column":null}}},"3":{"name":"(anonymous_12)","decl":{"start":{"line":40,"column":8},"end":{"line":40,"column":14}},"loc":{"start":{"line":40,"column":42},"end":{"line":48,"column":null}}},"4":{"name":"(anonymous_14)","decl":{"start":{"line":50,"column":8},"end":{"line":50,"column":18}},"loc":{"start":{"line":50,"column":46},"end":{"line":62,"column":null}}},"5":{"name":"(anonymous_16)","decl":{"start":{"line":64,"column":8},"end":{"line":64,"column":18}},"loc":{"start":{"line":64,"column":46},"end":{"line":76,"column":null}}},"6":{"name":"(anonymous_18)","decl":{"start":{"line":78,"column":8},"end":{"line":78,"column":18}},"loc":{"start":{"line":78,"column":46},"end":{"line":91,"column":null}}}},"branchMap":{"0":{"loc":{"start":{"line":14,"column":6},"end":{"line":20,"column":7}},"type":"if","locations":[{"start":{"line":14,"column":6},"end":{"line":20,"column":7}},{"start":{"line":17,"column":13},"end":{"line":20,"column":7}}]},"1":{"loc":{"start":{"line":30,"column":6},"end":{"line":33,"column":7}},"type":"if","locations":[{"start":{"line":30,"column":6},"end":{"line":33,"column":7}}]},"2":{"loc":{"start":{"line":54,"column":6},"end":{"line":57,"column":7}},"type":"if","locations":[{"start":{"line":54,"column":6},"end":{"line":57,"column":7}}]},"3":{"loc":{"start":{"line":66,"column":4},"end":{"line":69,"column":5}},"type":"if","locations":[{"start":{"line":66,"column":4},"end":{"line":69,"column":5}}]},"4":{"loc":{"start":{"line":83,"column":6},"end":{"line":86,"column":7}},"type":"if","locations":[{"start":{"line":83,"column":6},"end":{"line":86,"column":7}}]}},"s":{"0":6,"1":4,"2":4,"3":4,"4":0,"5":0,"6":4,"7":4,"8":0,"9":5,"10":5,"11":5,"12":2,"13":0,"14":0,"15":2,"16":3,"17":10,"18":10,"19":10,"20":9,"21":1,"22":0,"23":0,"24":0,"25":0,"26":0,"27":0,"28":0,"29":0,"30":0,"31":0,"32":0,"33":0,"34":0,"35":0,"36":0,"37":0,"38":0,"39":0,"40":0,"41":0,"42":0,"43":0,"44":0,"45":0,"46":0,"47":3},"f":{"0":6,"1":4,"2":5,"3":10,"4":0,"5":0,"6":0},"b":{"0":[0,4],"1":[0],"2":[0],"3":[0],"4":[0]}}
,"/Users/barkobi/Assignment2_WebDev-1/src/controllers/comments_controller.ts": {"path":"/Users/barkobi/Assignment2_WebDev-1/src/controllers/comments_controller.ts","statementMap":{"0":{"start":{"line":1,"column":0},"end":{"line":1,"column":52}},"1":{"start":{"line":3,"column":0},"end":{"line":3,"column":47}},"2":{"start":{"line":5,"column":27},"end":{"line":5,"column":59}},"3":{"start":{"line":7,"column":0},"end":{"line":7,"column":34}}},"fnMap":{},"branchMap":{},"s":{"0":3,"1":3,"2":3,"3":3},"f":{},"b":{}}
,"/Users/barkobi/Assignment2_WebDev-1/src/controllers/posts_controller.ts": {"path":"/Users/barkobi/Assignment2_WebDev-1/src/controllers/posts_controller.ts","statementMap":{"0":{"start":{"line":1,"column":0},"end":{"line":1,"column":57}},"1":{"start":{"line":3,"column":0},"end":{"line":3,"column":47}},"2":{"start":{"line":7,"column":8},"end":{"line":7,"column":25}},"3":{"start":{"line":11,"column":23},"end":{"line":11,"column":40}},"4":{"start":{"line":12,"column":18},"end":{"line":14,"column":null}},"5":{"start":{"line":16,"column":8},"end":{"line":16,"column":24}},"6":{"start":{"line":17,"column":8},"end":{"line":17,"column":31}},"7":{"start":{"line":21,"column":0},"end":{"line":21,"column":36}}},"fnMap":{"0":{"name":"(anonymous_8)","decl":{"start":{"line":6,"column":4},"end":{"line":6,"column":null}},"loc":{"start":{"line":6,"column":4},"end":{"line":8,"column":5}}},"1":{"name":"(anonymous_9)","decl":{"start":{"line":10,"column":10},"end":{"line":10,"column":16}},"loc":{"start":{"line":10,"column":44},"end":{"line":18,"column":6}}}},"branchMap":{},"s":{"0":3,"1":3,"2":3,"3":4,"4":4,"5":4,"6":4,"7":3},"f":{"0":3,"1":4},"b":{}}
,"/Users/barkobi/Assignment2_WebDev-1/src/models/comments_model.ts": {"path":"/Users/barkobi/Assignment2_WebDev-1/src/models/comments_model.ts","statementMap":{"0":{"start":{"line":1,"column":0},"end":{"line":1,"column":32}},"1":{"start":{"line":2,"column":15},"end":{"line":2,"column":30}},"2":{"start":{"line":11,"column":23},"end":{"line":24,"column":2}},"3":{"start":{"line":26,"column":21},"end":{"line":26,"column":73}},"4":{"start":{"line":27,"column":0},"end":{"line":27,"column":28}}},"fnMap":{},"branchMap":{},"s":{"0":3,"1":3,"2":3,"3":3,"4":3},"f":{},"b":{}}
,"/Users/barkobi/Assignment2_WebDev-1/src/models/posts_model.ts": {"path":"/Users/barkobi/Assignment2_WebDev-1/src/models/posts_model.ts","statementMap":{"0":{"start":{"line":1,"column":0},"end":{"line":1,"column":32}},"1":{"start":{"line":2,"column":15},"end":{"line":2,"column":30}},"2":{"start":{"line":10,"column":21},"end":{"line":20,"column":4}},"3":{"start":{"line":22,"column":20},"end":{"line":22,"column":62}},"4":{"start":{"line":23,"column":2},"end":{"line":23,"column":27}}},"fnMap":{},"branchMap":{},"s":{"0":3,"1":3,"2":3,"3":3,"4":3},"f":{},"b":{}}
,"/Users/barkobi/Assignment2_WebDev-1/src/models/users_model.ts": {"path":"/Users/barkobi/Assignment2_WebDev-1/src/models/users_model.ts","statementMap":{"0":{"start":{"line":1,"column":0},"end":{"line":1,"column":32}},"1":{"start":{"line":2,"column":15},"end":{"line":2,"column":30}},"2":{"start":{"line":11,"column":19},"end":{"line":25,"column":2}},"3":{"start":{"line":27,"column":18},"end":{"line":27,"column":60}},"4":{"start":{"line":29,"column":0},"end":{"line":29,"column":25}}},"fnMap":{},"branchMap":{},"s":{"0":3,"1":3,"2":3,"3":3,"4":3},"f":{},"b":{}}
,"/Users/barkobi/Assignment2_WebDev-1/src/routes/auth_routes.ts": {"path":"/Users/barkobi/Assignment2_WebDev-1/src/routes/auth_routes.ts","statementMap":{"0":{"start":{"line":1,"column":0},"end":{"line":1,"column":30}},"1":{"start":{"line":2,"column":0},"end":{"line":2,"column":60}},"2":{"start":{"line":4,"column":15},"end":{"line":4,"column":31}},"3":{"start":{"line":84,"column":0},"end":{"line":84,"column":50}},"4":{"start":{"line":122,"column":0},"end":{"line":122,"column":44}},"5":{"start":{"line":161,"column":0},"end":{"line":161,"column":48}},"6":{"start":{"line":189,"column":0},"end":{"line":189,"column":46}},"7":{"start":{"line":191,"column":0},"end":{"line":191,"column":22}}},"fnMap":{},"branchMap":{},"s":{"0":3,"1":3,"2":3,"3":3,"4":3,"5":3,"6":3,"7":3},"f":{},"b":{}}
,"/Users/barkobi/Assignment2_WebDev-1/src/routes/comments_routes.ts": {"path":"/Users/barkobi/Assignment2_WebDev-1/src/routes/comments_routes.ts","statementMap":{"0":{"start":{"line":1,"column":0},"end":{"line":1,"column":30}},"1":{"start":{"line":2,"column":15},"end":{"line":2,"column":31}},"2":{"start":{"line":3,"column":0},"end":{"line":3,"column":68}},"3":{"start":{"line":4,"column":0},"end":{"line":4,"column":64}},"4":{"start":{"line":63,"column":0},"end":{"line":65,"column":3}},"5":{"start":{"line":64,"column":4},"end":{"line":64,"column":65}},"6":{"start":{"line":109,"column":0},"end":{"line":109,"column":85}},"7":{"start":{"line":138,"column":0},"end":{"line":140,"column":3}},"8":{"start":{"line":139,"column":4},"end":{"line":139,"column":66}},"9":{"start":{"line":190,"column":0},"end":{"line":196,"column":3}},"10":{"start":{"line":192,"column":4},"end":{"line":195,"column":7}},"11":{"start":{"line":223,"column":0},"end":{"line":229,"column":3}},"12":{"start":{"line":225,"column":4},"end":{"line":228,"column":7}},"13":{"start":{"line":231,"column":0},"end":{"line":231,"column":22}}},"fnMap":{"0":{"name":"(anonymous_1)","decl":{"start":{"line":63,"column":16},"end":{"line":63,"column":17}},"loc":{"start":{"line":63,"column":29},"end":{"line":65,"column":1}}},"1":{"name":"(anonymous_2)","decl":{"start":{"line":138,"column":19},"end":{"line":138,"column":20}},"loc":{"start":{"line":138,"column":32},"end":{"line":140,"column":1}}},"2":{"name":"(anonymous_3)","decl":{"start":{"line":190,"column":35},"end":{"line":190,"column":36}},"loc":{"start":{"line":190,"column":48},"end":{"line":196,"column":1}}},"3":{"name":"(anonymous_4)","decl":{"start":{"line":223,"column":38},"end":{"line":223,"column":39}},"loc":{"start":{"line":223,"column":51},"end":{"line":229,"column":1}}}},"branchMap":{},"s":{"0":3,"1":3,"2":3,"3":3,"4":3,"5":2,"6":3,"7":3,"8":3,"9":3,"10":1,"11":3,"12":1,"13":3},"f":{"0":2,"1":3,"2":1,"3":1},"b":{}}
,"/Users/barkobi/Assignment2_WebDev-1/src/routes/posts_routes.ts": {"path":"/Users/barkobi/Assignment2_WebDev-1/src/routes/posts_routes.ts","statementMap":{"0":{"start":{"line":1,"column":0},"end":{"line":1,"column":53}},"1":{"start":{"line":2,"column":15},"end":{"line":2,"column":31}},"2":{"start":{"line":3,"column":0},"end":{"line":3,"column":62}},"3":{"start":{"line":4,"column":0},"end":{"line":4,"column":64}},"4":{"start":{"line":61,"column":0},"end":{"line":67,"column":3}},"5":{"start":{"line":61,"column":54},"end":{"line":67,"column":2}},"6":{"start":{"line":62,"column":4},"end":{"line":66,"column":5}},"7":{"start":{"line":63,"column":8},"end":{"line":63,"column":67}},"8":{"start":{"line":65,"column":8},"end":{"line":65,"column":63}},"9":{"start":{"line":107,"column":0},"end":{"line":107,"column":79}},"10":{"start":{"line":136,"column":0},"end":{"line":138,"column":3}},"11":{"start":{"line":137,"column":4},"end":{"line":137,"column":60}},"12":{"start":{"line":175,"column":0},"end":{"line":177,"column":3}},"13":{"start":{"line":176,"column":4},"end":{"line":176,"column":63}},"14":{"start":{"line":204,"column":0},"end":{"line":206,"column":3}},"15":{"start":{"line":205,"column":4},"end":{"line":205,"column":63}},"16":{"start":{"line":208,"column":0},"end":{"line":208,"column":22}}},"fnMap":{"0":{"name":"(anonymous_8)","decl":{"start":{"line":61,"column":16},"end":{"line":61,"column":23}},"loc":{"start":{"line":61,"column":54},"end":{"line":67,"column":2}}},"1":{"name":"(anonymous_9)","decl":{"start":{"line":61,"column":54},"end":{"line":61,"column":null}},"loc":{"start":{"line":61,"column":54},"end":{"line":67,"column":1}}},"2":{"name":"(anonymous_10)","decl":{"start":{"line":136,"column":19},"end":{"line":136,"column":20}},"loc":{"start":{"line":136,"column":51},"end":{"line":138,"column":1}}},"3":{"name":"(anonymous_11)","decl":{"start":{"line":175,"column":35},"end":{"line":175,"column":36}},"loc":{"start":{"line":175,"column":67},"end":{"line":177,"column":1}}},"4":{"name":"(anonymous_12)","decl":{"start":{"line":204,"column":38},"end":{"line":204,"column":39}},"loc":{"start":{"line":204,"column":70},"end":{"line":206,"column":1}}}},"branchMap":{"0":{"loc":{"start":{"line":62,"column":4},"end":{"line":66,"column":5}},"type":"if","locations":[{"start":{"line":62,"column":4},"end":{"line":66,"column":5}},{"start":{"line":64,"column":11},"end":{"line":66,"column":5}}]}},"s":{"0":3,"1":3,"2":3,"3":3,"4":3,"5":2,"6":2,"7":0,"8":2,"9":3,"10":3,"11":2,"12":3,"13":0,"14":3,"15":0,"16":3},"f":{"0":2,"1":2,"2":2,"3":0,"4":0},"b":{"0":[0,2]}}
}
