TN:
SF:src/server.ts
FN:15,(anonymous_1)
FN:16,(anonymous_2)
FN:21,(anonymous_3)
FN:33,(anonymous_4)
FN:53,(anonymous_5)
FN:54,(anonymous_6)
FN:60,(anonymous_7)
FN:61,(anonymous_8)
FNF:8
FNH:5
FNDA:0,(anonymous_1)
FNDA:3,(anonymous_2)
FNDA:67,(anonymous_3)
FNDA:0,(anonymous_4)
FNDA:3,(anonymous_5)
FNDA:3,(anonymous_6)
FNDA:3,(anonymous_7)
FNDA:0,(anonymous_8)
DA:1,3
DA:2,3
DA:3,3
DA:4,3
DA:5,3
DA:6,3
DA:7,3
DA:8,3
DA:9,3
DA:10,3
DA:11,3
DA:14,3
DA:15,3
DA:16,3
DA:18,3
DA:19,3
DA:21,3
DA:22,67
DA:23,67
DA:24,67
DA:25,67
DA:28,3
DA:29,3
DA:30,3
DA:33,3
DA:34,0
DA:37,3
DA:49,3
DA:50,3
DA:53,3
DA:54,3
DA:55,3
DA:56,0
DA:58,3
DA:60,3
DA:61,0
DA:65,3
LF:37
LH:34
BRDA:55,0,0,0
BRDA:55,0,1,3
BRF:2
BRH:1
end_of_record
TN:
SF:src/controllers/auth_controller.ts
FN:8,register
FN:40,(anonymous_10)
FN:69,(anonymous_11)
FN:69,(anonymous_12)
FN:106,(anonymous_13)
FN:107,(anonymous_14)
FN:118,(anonymous_15)
FN:118,(anonymous_16)
FN:136,(anonymous_17)
FN:146,(anonymous_18)
FN:146,(anonymous_19)
FN:157,(anonymous_20)
FN:157,(anonymous_21)
FN:181,(anonymous_22)
FN:195,(anonymous_23)
FNF:15
FNH:15
FNDA:6,register
FNDA:13,(anonymous_10)
FNDA:15,(anonymous_11)
FNDA:15,(anonymous_12)
FNDA:8,(anonymous_13)
FNDA:8,(anonymous_14)
FNDA:8,(anonymous_15)
FNDA:8,(anonymous_16)
FNDA:12,(anonymous_17)
FNDA:1,(anonymous_18)
FNDA:1,(anonymous_19)
FNDA:7,(anonymous_20)
FNDA:7,(anonymous_21)
FNDA:29,(anonymous_22)
FNDA:27,(anonymous_23)
DA:2,3
DA:3,3
DA:4,3
DA:10,6
DA:11,6
DA:13,6
DA:14,1
DA:15,1
DA:17,5
DA:18,5
DA:19,5
DA:20,2
DA:21,2
DA:23,3
DA:24,3
DA:26,3
DA:30,1
DA:31,1
DA:33,2
DA:34,2
DA:35,2
DA:40,3
DA:41,13
DA:42,1
DA:44,12
DA:45,12
DA:52,12
DA:59,12
DA:60,0
DA:62,12
DA:63,12
DA:69,15
DA:70,15
DA:72,15
DA:73,15
DA:74,2
DA:75,2
DA:77,13
DA:78,11
DA:79,2
DA:80,2
DA:83,9
DA:84,9
DA:85,1
DA:86,1
DA:88,8
DA:89,8
DA:96,2
DA:106,3
DA:107,8
DA:108,8
DA:109,0
DA:110,0
DA:113,8
DA:114,0
DA:115,0
DA:118,8
DA:119,8
DA:120,0
DA:121,0
DA:123,8
DA:124,8
DA:125,8
DA:126,8
DA:127,0
DA:128,0
DA:130,8
DA:131,3
DA:132,3
DA:133,3
DA:134,3
DA:136,12
DA:137,5
DA:139,0
DA:140,0
DA:146,3
DA:147,1
DA:148,1
DA:149,1
DA:150,1
DA:152,0
DA:153,0
DA:157,7
DA:158,7
DA:159,7
DA:161,4
DA:162,4
DA:163,4
DA:164,0
DA:165,0
DA:168,4
DA:173,3
DA:174,3
DA:181,3
DA:182,29
DA:183,29
DA:185,29
DA:186,2
DA:187,2
DA:190,27
DA:191,0
DA:192,0
DA:195,27
DA:196,27
DA:197,15
DA:198,15
DA:200,12
DA:201,12
DA:202,12
DA:208,3
LF:110
LH:93
BRDA:13,0,0,1
BRDA:13,1,0,6
BRDA:13,1,1,5
BRDA:19,2,0,2
BRDA:41,3,0,1
BRDA:59,4,0,0
BRDA:73,5,0,2
BRDA:78,6,0,2
BRDA:84,7,0,1
BRDA:108,8,0,0
BRDA:113,9,0,0
BRDA:119,10,0,0
BRDA:126,11,0,0
BRDA:130,12,0,3
BRDA:130,13,0,8
BRDA:130,13,1,8
BRDA:163,14,0,0
BRDA:182,15,0,29
BRDA:182,15,1,2
BRDA:183,16,0,2
BRDA:183,16,1,27
BRDA:183,17,0,29
BRDA:183,17,1,29
BRDA:185,18,0,2
BRDA:190,19,0,0
BRDA:196,20,0,15
BRF:26
BRH:19
end_of_record
TN:
SF:src/controllers/base_controller.ts
FN:7,(anonymous_7)
FN:11,(anonymous_8)
FN:26,(anonymous_10)
FN:40,(anonymous_12)
FN:50,(anonymous_14)
FN:64,(anonymous_16)
FN:78,(anonymous_18)
FNF:7
FNH:4
FNDA:6,(anonymous_7)
FNDA:4,(anonymous_8)
FNDA:5,(anonymous_10)
FNDA:10,(anonymous_12)
FNDA:0,(anonymous_14)
FNDA:0,(anonymous_16)
FNDA:0,(anonymous_18)
DA:8,6
DA:12,4
DA:13,4
DA:14,4
DA:15,0
DA:16,0
DA:18,4
DA:19,4
DA:22,0
DA:27,5
DA:28,5
DA:29,5
DA:30,2
DA:31,0
DA:32,0
DA:34,2
DA:36,3
DA:41,10
DA:42,10
DA:43,10
DA:44,9
DA:46,1
DA:51,0
DA:52,0
DA:53,0
DA:54,0
DA:55,0
DA:56,0
DA:58,0
DA:60,0
DA:65,0
DA:66,0
DA:67,0
DA:68,0
DA:70,0
DA:71,0
DA:72,0
DA:74,0
DA:79,0
DA:80,0
DA:81,0
DA:82,0
DA:83,0
DA:84,0
DA:85,0
DA:87,0
DA:89,0
DA:94,3
LF:48
LH:18
BRDA:14,0,0,0
BRDA:14,0,1,4
BRDA:30,1,0,0
BRDA:54,2,0,0
BRDA:66,3,0,0
BRDA:83,4,0,0
BRF:6
BRH:1
end_of_record
TN:
SF:src/controllers/comments_controller.ts
FNF:0
FNH:0
DA:1,3
DA:3,3
DA:5,3
DA:7,3
LF:4
LH:4
BRF:0
BRH:0
end_of_record
TN:
SF:src/controllers/posts_controller.ts
FN:6,(anonymous_8)
FN:10,(anonymous_9)
FNF:2
FNH:2
FNDA:3,(anonymous_8)
FNDA:4,(anonymous_9)
DA:1,3
DA:3,3
DA:7,3
DA:11,4
DA:12,4
DA:16,4
DA:17,4
DA:21,3
LF:8
LH:8
BRF:0
BRH:0
end_of_record
TN:
SF:src/models/comments_model.ts
FNF:0
FNH:0
DA:1,3
DA:2,3
DA:11,3
DA:26,3
DA:27,3
LF:5
LH:5
BRF:0
BRH:0
end_of_record
TN:
SF:src/models/posts_model.ts
FNF:0
FNH:0
DA:1,3
DA:2,3
DA:10,3
DA:22,3
DA:23,3
LF:5
LH:5
BRF:0
BRH:0
end_of_record
TN:
SF:src/models/users_model.ts
FNF:0
FNH:0
DA:1,3
DA:2,3
DA:11,3
DA:27,3
DA:29,3
LF:5
LH:5
BRF:0
BRH:0
end_of_record
TN:
SF:src/routes/auth_routes.ts
FNF:0
FNH:0
DA:1,3
DA:2,3
DA:4,3
DA:84,3
DA:122,3
DA:161,3
DA:189,3
DA:191,3
LF:8
LH:8
BRF:0
BRH:0
end_of_record
TN:
SF:src/routes/comments_routes.ts
FN:63,(anonymous_1)
FN:138,(anonymous_2)
FN:190,(anonymous_3)
FN:223,(anonymous_4)
FNF:4
FNH:4
FNDA:2,(anonymous_1)
FNDA:3,(anonymous_2)
FNDA:1,(anonymous_3)
FNDA:1,(anonymous_4)
DA:1,3
DA:2,3
DA:3,3
DA:4,3
DA:63,3
DA:64,2
DA:109,3
DA:138,3
DA:139,3
DA:190,3
DA:192,1
DA:223,3
DA:225,1
DA:231,3
LF:14
LH:14
BRF:0
BRH:0
end_of_record
TN:
SF:src/routes/posts_routes.ts
FN:61,(anonymous_8)
FN:61,(anonymous_9)
FN:136,(anonymous_10)
FN:175,(anonymous_11)
FN:204,(anonymous_12)
FNF:5
FNH:3
FNDA:2,(anonymous_8)
FNDA:2,(anonymous_9)
FNDA:2,(anonymous_10)
FNDA:0,(anonymous_11)
FNDA:0,(anonymous_12)
DA:1,3
DA:2,3
DA:3,3
DA:4,3
DA:61,3
DA:62,2
DA:63,0
DA:65,2
DA:107,3
DA:136,3
DA:137,2
DA:175,3
DA:176,0
DA:204,3
DA:205,0
DA:208,3
LF:16
LH:13
BRDA:62,0,0,0
BRDA:62,0,1,2
BRF:2
BRH:1
end_of_record
